This is pdfTeX, Version 3.1415926-1.40.10 (TeX Live 2009/Debian) (format=pdflatex 2012.4.30)  29 MAY 2013 10:49
entering extended mode
 %&-line parsing enabled.
**lectio.tex
(./lectio.tex
LaTeX2e <2009/09/24>
Babel <v3.8l> and hyphenation patterns for english, usenglishmax, dumylang, noh
yphenation, loaded.
(/usr/share/texmf-texlive/tex/latex/base/article.cls
Document Class: article 2007/10/19 v1.4h Standard LaTeX document class
(/usr/share/texmf-texlive/tex/latex/base/size12.clo
File: size12.clo 2007/10/19 v1.4h Standard LaTeX file (size option)
)
\c@part=\count79
\c@section=\count80
\c@subsection=\count81
\c@subsubsection=\count82
\c@paragraph=\count83
\c@subparagraph=\count84
\c@figure=\count85
\c@table=\count86
\abovecaptionskip=\skip41
\belowcaptionskip=\skip42
\bibindent=\dimen102
)
(/usr/share/texmf-texlive/tex/generic/babel/babel.sty
Package: babel 2008/07/06 v3.8l The Babel package

(/usr/share/texmf-texlive/tex/generic/babel/finnish.ldf
Language: finnish 2007/10/20 v1.3q Finnish support from the babel system

(/usr/share/texmf-texlive/tex/generic/babel/babel.def
File: babel.def 2008/07/06 v3.8l Babel common definitions
\babel@savecnt=\count87
\U@D=\dimen103
)

Package babel Warning: No hyphenation patterns were loaded for
(babel)                the language `Finnish'
(babel)                I will use the patterns loaded for \language=0 instead.

\l@finnish = a dialect from \language0
Package babel Info: Making " an active character on input line 89.
)) (/usr/share/texmf-texlive/tex/latex/base/inputenc.sty
Package: inputenc 2008/03/30 v1.1d Input encoding file
\inpenc@prehook=\toks14
\inpenc@posthook=\toks15

(/usr/share/texmf-texlive/tex/latex/base/utf8.def
File: utf8.def 2008/04/05 v1.1m UTF-8 support for inputenc
Now handling font encoding OML ...
... no UTF-8 mapping file for font encoding OML
Now handling font encoding T1 ...
... processing UTF-8 mapping file for font encoding T1

(/usr/share/texmf-texlive/tex/latex/base/t1enc.dfu
File: t1enc.dfu 2008/04/05 v1.1m UTF-8 support for inputenc
   defining Unicode char U+00A1 (decimal 161)
   defining Unicode char U+00A3 (decimal 163)
   defining Unicode char U+00AB (decimal 171)
   defining Unicode char U+00BB (decimal 187)
   defining Unicode char U+00BF (decimal 191)
   defining Unicode char U+00C0 (decimal 192)
   defining Unicode char U+00C1 (decimal 193)
   defining Unicode char U+00C2 (decimal 194)
   defining Unicode char U+00C3 (decimal 195)
   defining Unicode char U+00C4 (decimal 196)
   defining Unicode char U+00C5 (decimal 197)
   defining Unicode char U+00C6 (decimal 198)
   defining Unicode char U+00C7 (decimal 199)
   defining Unicode char U+00C8 (decimal 200)
   defining Unicode char U+00C9 (decimal 201)
   defining Unicode char U+00CA (decimal 202)
   defining Unicode char U+00CB (decimal 203)
   defining Unicode char U+00CC (decimal 204)
   defining Unicode char U+00CD (decimal 205)
   defining Unicode char U+00CE (decimal 206)
   defining Unicode char U+00CF (decimal 207)
   defining Unicode char U+00D0 (decimal 208)
   defining Unicode char U+00D1 (decimal 209)
   defining Unicode char U+00D2 (decimal 210)
   defining Unicode char U+00D3 (decimal 211)
   defining Unicode char U+00D4 (decimal 212)
   defining Unicode char U+00D5 (decimal 213)
   defining Unicode char U+00D6 (decimal 214)
   defining Unicode char U+00D8 (decimal 216)
   defining Unicode char U+00D9 (decimal 217)
   defining Unicode char U+00DA (decimal 218)
   defining Unicode char U+00DB (decimal 219)
   defining Unicode char U+00DC (decimal 220)
   defining Unicode char U+00DD (decimal 221)
   defining Unicode char U+00DE (decimal 222)
   defining Unicode char U+00DF (decimal 223)
   defining Unicode char U+00E0 (decimal 224)
   defining Unicode char U+00E1 (decimal 225)
   defining Unicode char U+00E2 (decimal 226)
   defining Unicode char U+00E3 (decimal 227)
   defining Unicode char U+00E4 (decimal 228)
   defining Unicode char U+00E5 (decimal 229)
   defining Unicode char U+00E6 (decimal 230)
   defining Unicode char U+00E7 (decimal 231)
   defining Unicode char U+00E8 (decimal 232)
   defining Unicode char U+00E9 (decimal 233)
   defining Unicode char U+00EA (decimal 234)
   defining Unicode char U+00EB (decimal 235)
   defining Unicode char U+00EC (decimal 236)
   defining Unicode char U+00ED (decimal 237)
   defining Unicode char U+00EE (decimal 238)
   defining Unicode char U+00EF (decimal 239)
   defining Unicode char U+00F0 (decimal 240)
   defining Unicode char U+00F1 (decimal 241)
   defining Unicode char U+00F2 (decimal 242)
   defining Unicode char U+00F3 (decimal 243)
   defining Unicode char U+00F4 (decimal 244)
   defining Unicode char U+00F5 (decimal 245)
   defining Unicode char U+00F6 (decimal 246)
   defining Unicode char U+00F8 (decimal 248)
   defining Unicode char U+00F9 (decimal 249)
   defining Unicode char U+00FA (decimal 250)
   defining Unicode char U+00FB (decimal 251)
   defining Unicode char U+00FC (decimal 252)
   defining Unicode char U+00FD (decimal 253)
   defining Unicode char U+00FE (decimal 254)
   defining Unicode char U+00FF (decimal 255)
   defining Unicode char U+0102 (decimal 258)
   defining Unicode char U+0103 (decimal 259)
   defining Unicode char U+0104 (decimal 260)
   defining Unicode char U+0105 (decimal 261)
   defining Unicode char U+0106 (decimal 262)
   defining Unicode char U+0107 (decimal 263)
   defining Unicode char U+010C (decimal 268)
   defining Unicode char U+010D (decimal 269)
   defining Unicode char U+010E (decimal 270)
   defining Unicode char U+010F (decimal 271)
   defining Unicode char U+0110 (decimal 272)
   defining Unicode char U+0111 (decimal 273)
   defining Unicode char U+0118 (decimal 280)
   defining Unicode char U+0119 (decimal 281)
   defining Unicode char U+011A (decimal 282)
   defining Unicode char U+011B (decimal 283)
   defining Unicode char U+011E (decimal 286)
   defining Unicode char U+011F (decimal 287)
   defining Unicode char U+0130 (decimal 304)
   defining Unicode char U+0131 (decimal 305)
   defining Unicode char U+0132 (decimal 306)
   defining Unicode char U+0133 (decimal 307)
   defining Unicode char U+0139 (decimal 313)
   defining Unicode char U+013A (decimal 314)
   defining Unicode char U+013D (decimal 317)
   defining Unicode char U+013E (decimal 318)
   defining Unicode char U+0141 (decimal 321)
   defining Unicode char U+0142 (decimal 322)
   defining Unicode char U+0143 (decimal 323)
   defining Unicode char U+0144 (decimal 324)
   defining Unicode char U+0147 (decimal 327)
   defining Unicode char U+0148 (decimal 328)
   defining Unicode char U+014A (decimal 330)
   defining Unicode char U+014B (decimal 331)
   defining Unicode char U+0150 (decimal 336)
   defining Unicode char U+0151 (decimal 337)
   defining Unicode char U+0152 (decimal 338)
   defining Unicode char U+0153 (decimal 339)
   defining Unicode char U+0154 (decimal 340)
   defining Unicode char U+0155 (decimal 341)
   defining Unicode char U+0158 (decimal 344)
   defining Unicode char U+0159 (decimal 345)
   defining Unicode char U+015A (decimal 346)
   defining Unicode char U+015B (decimal 347)
   defining Unicode char U+015E (decimal 350)
   defining Unicode char U+015F (decimal 351)
   defining Unicode char U+0160 (decimal 352)
   defining Unicode char U+0161 (decimal 353)
   defining Unicode char U+0162 (decimal 354)
   defining Unicode char U+0163 (decimal 355)
   defining Unicode char U+0164 (decimal 356)
   defining Unicode char U+0165 (decimal 357)
   defining Unicode char U+016E (decimal 366)
   defining Unicode char U+016F (decimal 367)
   defining Unicode char U+0170 (decimal 368)
   defining Unicode char U+0171 (decimal 369)
   defining Unicode char U+0178 (decimal 376)
   defining Unicode char U+0179 (decimal 377)
   defining Unicode char U+017A (decimal 378)
   defining Unicode char U+017B (decimal 379)
   defining Unicode char U+017C (decimal 380)
   defining Unicode char U+017D (decimal 381)
   defining Unicode char U+017E (decimal 382)
   defining Unicode char U+200C (decimal 8204)
   defining Unicode char U+2013 (decimal 8211)
   defining Unicode char U+2014 (decimal 8212)
   defining Unicode char U+2018 (decimal 8216)
   defining Unicode char U+2019 (decimal 8217)
   defining Unicode char U+201A (decimal 8218)
   defining Unicode char U+201C (decimal 8220)
   defining Unicode char U+201D (decimal 8221)
   defining Unicode char U+201E (decimal 8222)
   defining Unicode char U+2030 (decimal 8240)
   defining Unicode char U+2031 (decimal 8241)
   defining Unicode char U+2039 (decimal 8249)
   defining Unicode char U+203A (decimal 8250)
   defining Unicode char U+2423 (decimal 9251)
)
Now handling font encoding OT1 ...
... processing UTF-8 mapping file for font encoding OT1

(/usr/share/texmf-texlive/tex/latex/base/ot1enc.dfu
File: ot1enc.dfu 2008/04/05 v1.1m UTF-8 support for inputenc
   defining Unicode char U+00A1 (decimal 161)
   defining Unicode char U+00A3 (decimal 163)
   defining Unicode char U+00B8 (decimal 184)
   defining Unicode char U+00BF (decimal 191)
   defining Unicode char U+00C5 (decimal 197)
   defining Unicode char U+00C6 (decimal 198)
   defining Unicode char U+00D8 (decimal 216)
   defining Unicode char U+00DF (decimal 223)
   defining Unicode char U+00E6 (decimal 230)
   defining Unicode char U+00EC (decimal 236)
   defining Unicode char U+00ED (decimal 237)
   defining Unicode char U+00EE (decimal 238)
   defining Unicode char U+00EF (decimal 239)
   defining Unicode char U+00F8 (decimal 248)
   defining Unicode char U+0131 (decimal 305)
   defining Unicode char U+0141 (decimal 321)
   defining Unicode char U+0142 (decimal 322)
   defining Unicode char U+0152 (decimal 338)
   defining Unicode char U+0153 (decimal 339)
   defining Unicode char U+2013 (decimal 8211)
   defining Unicode char U+2014 (decimal 8212)
   defining Unicode char U+2018 (decimal 8216)
   defining Unicode char U+2019 (decimal 8217)
   defining Unicode char U+201C (decimal 8220)
   defining Unicode char U+201D (decimal 8221)
)
Now handling font encoding OMS ...
... processing UTF-8 mapping file for font encoding OMS

(/usr/share/texmf-texlive/tex/latex/base/omsenc.dfu
File: omsenc.dfu 2008/04/05 v1.1m UTF-8 support for inputenc
   defining Unicode char U+00A7 (decimal 167)
   defining Unicode char U+00B6 (decimal 182)
   defining Unicode char U+00B7 (decimal 183)
   defining Unicode char U+2020 (decimal 8224)
   defining Unicode char U+2021 (decimal 8225)
   defining Unicode char U+2022 (decimal 8226)
)
Now handling font encoding OMX ...
... no UTF-8 mapping file for font encoding OMX
Now handling font encoding U ...
... no UTF-8 mapping file for font encoding U
   defining Unicode char U+00A9 (decimal 169)
   defining Unicode char U+00AA (decimal 170)
   defining Unicode char U+00AE (decimal 174)
   defining Unicode char U+00BA (decimal 186)
   defining Unicode char U+02C6 (decimal 710)
   defining Unicode char U+02DC (decimal 732)
   defining Unicode char U+200C (decimal 8204)
   defining Unicode char U+2026 (decimal 8230)
   defining Unicode char U+2122 (decimal 8482)
   defining Unicode char U+2423 (decimal 9251)
)) (./lectio.aux)
\openout1 = `lectio.aux'.

LaTeX Font Info:    Checking defaults for OML/cmm/m/it on input line 14.
LaTeX Font Info:    ... okay on input line 14.
LaTeX Font Info:    Checking defaults for T1/cmr/m/n on input line 14.
LaTeX Font Info:    ... okay on input line 14.
LaTeX Font Info:    Checking defaults for OT1/cmr/m/n on input line 14.
LaTeX Font Info:    ... okay on input line 14.
LaTeX Font Info:    Checking defaults for OMS/cmsy/m/n on input line 14.
LaTeX Font Info:    ... okay on input line 14.
LaTeX Font Info:    Checking defaults for OMX/cmex/m/n on input line 14.
LaTeX Font Info:    ... okay on input line 14.
LaTeX Font Info:    Checking defaults for U/cmr/m/n on input line 14.
LaTeX Font Info:    ... okay on input line 14.

Overfull \hbox (22.24924pt too wide) in paragraph at lines 19--24
\OT1/cmr/m/n/12 Kysynt[]aohjautuvalla joukkoli-iken-teell[]a tarkoite-taan buss
i- ja tak-si-palvelu-jen v[]alimuotoa,
 []


Overfull \hbox (4.26749pt too wide) in paragraph at lines 30--32
\OT1/cmr/m/n/12 Reitinlaskentaa hy[]odynnet[]a[]an useis-sa er-i-tyyp-pi-siss[]
a kuljetus- ja lo-gis-ti-ikkate-ht[]aviss[]a.
 []


Overfull \hbox (7.56606pt too wide) in paragraph at lines 42--45
[]\OT1/cmr/m/n/12 Tilausten pe-rus-teel-la toimivis-sa kul-je-tus-palveluis-sa 
re-itin-lasken-taon-gel-ma on usein
 []


Overfull \hbox (2.8661pt too wide) in paragraph at lines 42--45
\OT1/cmr/m/n/12 kaup-pa-matkus-ta-jan on-gel-maa mon-imutkaisem-pi. Tilauskul-j
e-tus-palveluis-sa asi-akkaat
 []


Overfull \hbox (1.88695pt too wide) in paragraph at lines 46--52
\OT1/cmr/m/n/12 tapauk-ses-sa tilauk-set tehd[]a[]an en-nakkoon, es-imerkik-si 
kul-je-tus-ta edelt[]av[]an[]a p[]aiv[]an[]a,
 []


Overfull \hbox (0.61197pt too wide) in paragraph at lines 46--52
\OT1/cmr/m/n/12 aloit-tamista. Dy-naamises-sa tapauk-ses-sa tilauk-sia voi tehd
[]a reaali-aikaises-ti ja ajoneu-
 []


Overfull \hbox (3.25777pt too wide) in paragraph at lines 46--52
\OT1/cmr/m/n/12 toimi-vat yleens[]a dy-naamis-es-ti, kun taas use-at tilaus-bus
-si-palve-lut edel-lytt[]av[]at matko-
 []

[1

{/var/lib/texmf/fonts/map/pdftex/updmap/pdftex.map}]
Overfull \hbox (17.84512pt too wide) in paragraph at lines 78--82
[]\OT1/cmr/m/n/12 Dynaamisessa kysynt[]aohjautuvassa joukkoli-iken-teess[]a asi
-akkaat voivat tila-ta matko-
 []


Overfull \hbox (11.97018pt too wide) in paragraph at lines 78--82
\OT1/cmr/m/n/12 dos-tu-vat tilat-tu-jen matko-jen pe-rus-teel-la. Jokaiselle uu
delle asi-akkaalle val-i-taan ajoneu-
 []


Overfull \hbox (5.5383pt too wide) in paragraph at lines 85--86
[]\OT1/cmr/m/n/12 Ajoneuvon- ja re-it-in-val-in-taon-gel-ma voidaan ratkaista j
oko ha-jaute-tusti tai keskite-
 []

[2]
Overfull \hbox (9.98131pt too wide) in paragraph at lines 101--104
\OT1/cmr/m/n/12 kuin ha-jaute-tus-sa mallis-sa, keskite-tyss[]a ratkais-us-sa n
outa-mat-to-mia asi-akkai-ta voidaan
 []


Overfull \hbox (0.1203pt too wide) in paragraph at lines 113--116
[]\OT1/cmr/m/n/12 Maksimiklusterit voidaan m[]a[]aritt[]a[]a tehokkaasti j[]arj
est[]am[]all[]a asi-akkaiden nouto-
 []


Overfull \hbox (47.96841pt too wide) in paragraph at lines 113--116
\OT1/cmr/m/n/12 Ar-voj[]arjestys voidaan m[]a[]aritt[]a[]a laske-mal-la nouto- 
ja toim-i-tus-pis-tei-den vierekk[]aisyysmatriisin
 []


Overfull \hbox (13.63683pt too wide) in paragraph at lines 124--129
\OT1/cmr/m/n/12 ai-ka -tai ka-p-a-siteet-ti-ra-joit-teet ovat tiukko-ja ja re-i
t-tej[]a su-un-nitel-laan pitk[]alle aikav[]alille.
 []

[3]
Overfull \hbox (9.5202pt too wide) in paragraph at lines 144--152
[]\OT1/cmr/m/n/12 Yleisesti matkan-su-un-nit-telu-on-gel-ma koos-t-uu joukkoli-
iken-nev[]alineen ja re-itin valin-
 []


Overfull \hbox (41.51015pt too wide) in paragraph at lines 162--168
\OT1/cmr/m/n/12 ket-tu re-it-ti ei kuitenkaan v[]altt[]am[]att[]a to-teudu es-i
merkik-si li-iken-nev[]alineiden my[]oh[]astymisien
 []


Overfull \hbox (49.99617pt too wide) in paragraph at lines 172--174
\OT1/cmr/m/n/12 jat pys[]akeill[]a m[]a[]aritell[]a[]an sat-un-nais-muut-tu-ji-
na. Sat-un-nais-muut-tu-jien jakau-mat m[]a[]arittelev[]at
 []


Overfull \hbox (8.34105pt too wide) in paragraph at lines 177--181
[]\OT1/cmr/m/n/12 Stokastinen matkan-su-un-nit-telu voidaan ku-va-ta Markov-p[]
a[]at[]osprosessina. Markov-
 []

[4]
Overfull \hbox (6.26051pt too wide) in paragraph at lines 193--197
\OT1/cmr/m/n/12 takap-er-oisel-la in-duk-ti-ol-la. Op-ti-maa-li-nen poli-ti-ik-
ka koos-t-uu odotusar-voltaan parhaista
 []


Overfull \hbox (21.47008pt too wide) in paragraph at lines 200--203
\OT1/cmr/m/n/12 li-iken-nev[]alineiden v[]alisten vai-h-to-jen lukum[]a[]ar[]a 
on su-uri, vai-h-toi-hin li-it-tyy ep[]avarmuutta
 []


Overfull \hbox (55.21417pt too wide) in paragraph at lines 212--215
[]\OT1/cmr/m/n/12 Yleinen tas-apain-o-teo-ria pyrkii selitt[]am[]a[]an kysynn[]
an, tar-jon-nan, ja hin-to-jen k[]aytt[]aytymisen
 []

[5]
Overfull \hbox (16.6354pt too wide) in paragraph at lines 223--226
[]\OT1/cmr/m/n/12 Kysynn[]an eri kulku-muodoille m[]a[]arittelee diskreet-ti va
l-in-ta-malli, jo-ka ku-vaa matkus-
 []


Overfull \hbox (5.27719pt too wide) in paragraph at lines 223--226
\OT1/cmr/m/n/12 ta-jien kulku-muodon val-in-taa tar-jol-la ole-vista vai-h-toe-
hdoista. Val-in-ta-mallis-sa jokainen
 []


Overfull \hbox (19.18121pt too wide) in paragraph at lines 229--233
\OT1/cmr/m/n/12 noi-ta. Kysynt[]aohjautuvan joukkoli-iken-nepalvelun tuot-ta-ma
 palve-lu-ta-so eri v[]alimatkoille
 []

LaTeX Font Info:    External font `cmex10' loaded for size
(Font)              <12> on input line 236.
LaTeX Font Info:    External font `cmex10' loaded for size
(Font)              <8> on input line 236.
LaTeX Font Info:    External font `cmex10' loaded for size
(Font)              <6> on input line 236.

Overfull \hbox (24.73393pt too wide) in paragraph at lines 234--238
\OT1/cmr/m/n/12 essi-na, jo-ka koos-t-uu tiloista eli re-it-eist[]a sek[]a tilo
-jen v[]alisist[]a si-ir-tym[]atodenn[]ak[]oisyyksist[]a.
 []


Overfull \hbox (3.97581pt too wide) in paragraph at lines 241--245
\OT1/cmr/m/n/12 tyn ana-lyyt-tisen mallin etu-na on skaalau-tu-vu-us kysynn[]an
 ja ajoneu-vo-jen lukum[]a[]ar[]an
 []

[6]
Overfull \hbox (11.25214pt too wide) in paragraph at lines 261--266
[]\OT1/cmr/m/n/12 Reitinlaskentaan li-it-tyvien tutkimusten pe-rus-teel-la void
aan tode-ta, ett[]a ajoneuvon-
 []


Overfull \hbox (15.1382pt too wide) in paragraph at lines 267--270
\OT1/cmr/m/n/12 tehokku-u-teen. Su-uri kysynt[]a mah-dol-lis-taa hyv[]an palve-
lu-ta-son tuot-tamisen tehokkaasti.
 []


Overfull \hbox (51.4281pt too wide) in paragraph at lines 286--290
[]\OT1/cmr/m/n/12 Helsingin seudun li-ikenne k[]aynnisti vuo-den 2013 alus-sa k
aikille avoimen kysynt[]aohjautuvan
 []


Overfull \hbox (4.75914pt too wide) in paragraph at lines 298--300
\OT1/cmr/m/n/12 m[]a[]ar[]a[]am[]an[]a vas-tav[]aitt[]aj[]an[]a esitt[]am[]a[]a
n ne muis-tu-tuk-set, joi-hin kat-sotte v[]ait[]oskirjan
 []

[7] [8] (./lectio.aux) ) 
Here is how much of TeX's memory you used:
 761 strings out of 495061
 8140 string characters out of 1182621
 62347 words of memory out of 3000000
 3988 multiletter control sequences out of 15000+50000
 7587 words of font info for 27 fonts, out of 3000000 for 9000
 28 hyphenation exceptions out of 8191
 24i,4n,24p,206b,174s stack positions out of 5000i,500n,10000p,200000b,50000s
</usr/share/texmf-texlive/fonts/type1/public/amsfonts/c
m/cmbx12.pfb></usr/share/texmf-texlive/fonts/type1/public/amsfonts/cm/cmmi12.pf
b></usr/share/texmf-texlive/fonts/type1/public/amsfonts/cm/cmr12.pfb>
Output written on lectio.pdf (8 pages, 59697 bytes).
PDF statistics:
 41 PDF objects out of 1000 (max. 8388607)
 0 named destinations out of 1000 (max. 500000)
 1 words of extra memory for PDF output out of 10000 (max. 10000000)

